<?xml version="1.0" encoding="UTF-8"?>
<!-- Generated by org.testng.reporters.JUnitXMLReporter -->
<testsuite ignored="0" hostname="mahesh-rokade" failures="0" tests="6" name="Test" time="0.084" errors="0" timestamp="2021-10-27T13:04:24 IST">
  <testcase classname="qaclickacademy.AppiumTest" name="IosApp" time="0.011"/>
  <testcase classname="qaclickacademy.AppiumTest" name="nativeAppAndroid" time="0.003"/>
  <testcase classname="qaclickacademy.SeleniumTest" name="browserAutomation" time="0.001"/>
  <testcase classname="qaclickacademy.SeleniumTest" name="elementsUi" time="0.001"/>
  <testcase classname="qaclickacademy.RestAPITest" name="deleteTwitter" time="0.001"/>
  <testcase classname="qaclickacademy.RestAPITest" name="postJira" time="0.001"/>
</testsuite> <!-- Test -->
