<?xml version="1.0" encoding="UTF-8"?>
<testng-results ignored="0" total="2" passed="2" failed="0" skipped="0">
  <reporter-output>
  </reporter-output>
  <suite started-at="2021-10-16T11:30:52 IST" name="Default suite" finished-at="2021-10-16T11:30:52 IST" duration-ms="41">
    <groups>
    </groups>
    <test started-at="2021-10-16T11:30:52 IST" name="Default test" finished-at="2021-10-16T11:30:52 IST" duration-ms="41">
      <class name="qaclickacademy.AppiumTest">
        <test-method signature="IosApp()[pri:0, instance:qaclickacademy.AppiumTest@57cf54e1]" started-at="2021-10-16T11:30:52 IST" name="IosApp" finished-at="2021-10-16T11:30:52 IST" duration-ms="6" status="PASS">
          <reporter-output>
          </reporter-output>
        </test-method> <!-- IosApp -->
        <test-method signature="nativeAppAndroid()[pri:0, instance:qaclickacademy.AppiumTest@57cf54e1]" started-at="2021-10-16T11:30:52 IST" name="nativeAppAndroid" finished-at="2021-10-16T11:30:52 IST" duration-ms="1" status="PASS">
          <reporter-output>
          </reporter-output>
        </test-method> <!-- nativeAppAndroid -->
      </class> <!-- qaclickacademy.AppiumTest -->
    </test> <!-- Default test -->
  </suite> <!-- Default suite -->
</testng-results>
