<?xml version="1.0" encoding="UTF-8"?>
<testng-results ignored="0" total="6" passed="6" failed="0" skipped="0">
  <reporter-output>
  </reporter-output>
  <suite started-at="2021-10-27T13:04:24 IST" name="Suite" finished-at="2021-10-27T13:04:24 IST" duration-ms="84">
    <groups>
    </groups>
    <test started-at="2021-10-27T13:04:24 IST" name="Test" finished-at="2021-10-27T13:04:24 IST" duration-ms="84">
      <class name="qaclickacademy.AppiumTest">
        <test-method signature="IosApp()[pri:0, instance:qaclickacademy.AppiumTest@3ee37e5a]" started-at="2021-10-27T13:04:24 IST" name="IosApp" finished-at="2021-10-27T13:04:24 IST" duration-ms="11" status="PASS">
          <reporter-output>
          </reporter-output>
        </test-method> <!-- IosApp -->
        <test-method signature="nativeAppAndroid()[pri:0, instance:qaclickacademy.AppiumTest@3ee37e5a]" started-at="2021-10-27T13:04:24 IST" name="nativeAppAndroid" finished-at="2021-10-27T13:04:24 IST" duration-ms="3" status="PASS">
          <reporter-output>
          </reporter-output>
        </test-method> <!-- nativeAppAndroid -->
      </class> <!-- qaclickacademy.AppiumTest -->
      <class name="qaclickacademy.RestAPITest">
        <test-method signature="deleteTwitter()[pri:0, instance:qaclickacademy.RestAPITest@27462a88]" started-at="2021-10-27T13:04:24 IST" name="deleteTwitter" finished-at="2021-10-27T13:04:24 IST" duration-ms="1" status="PASS">
          <reporter-output>
          </reporter-output>
        </test-method> <!-- deleteTwitter -->
        <test-method signature="postJira()[pri:0, instance:qaclickacademy.RestAPITest@27462a88]" started-at="2021-10-27T13:04:24 IST" name="postJira" finished-at="2021-10-27T13:04:24 IST" duration-ms="1" status="PASS">
          <reporter-output>
          </reporter-output>
        </test-method> <!-- postJira -->
      </class> <!-- qaclickacademy.RestAPITest -->
      <class name="qaclickacademy.SeleniumTest">
        <test-method signature="browserAutomation()[pri:0, instance:qaclickacademy.SeleniumTest@71a8adcf]" started-at="2021-10-27T13:04:24 IST" name="browserAutomation" finished-at="2021-10-27T13:04:24 IST" duration-ms="1" status="PASS">
          <reporter-output>
          </reporter-output>
        </test-method> <!-- browserAutomation -->
        <test-method signature="elementsUi()[pri:0, instance:qaclickacademy.SeleniumTest@71a8adcf]" started-at="2021-10-27T13:04:24 IST" name="elementsUi" finished-at="2021-10-27T13:04:24 IST" duration-ms="1" status="PASS">
          <reporter-output>
          </reporter-output>
        </test-method> <!-- elementsUi -->
      </class> <!-- qaclickacademy.SeleniumTest -->
    </test> <!-- Test -->
  </suite> <!-- Suite -->
</testng-results>
